running develop
/usr/local/lib/python3.10/dist-packages/setuptools/command/develop.py:40: EasyInstallDeprecationWarning: easy_install command is deprecated.
!!

        ********************************************************************************
        Please avoid running ``setup.py`` and ``easy_install``.
        Instead, use pypa/build, pypa/installer, pypa/build or
        other standards-based tools.

        See https://github.com/pypa/setuptools/issues/917 for details.
        ********************************************************************************

!!
  easy_install.initialize_options(self)
/usr/local/lib/python3.10/dist-packages/setuptools/_distutils/cmd.py:66: SetuptoolsDeprecationWarning: setup.py install is deprecated.
!!

        ********************************************************************************
        Please avoid running ``setup.py`` directly.
        Instead, use pypa/build, pypa/installer, pypa/build or
        other standards-based tools.

        See https://blog.ganssle.io/articles/2021/10/setup-py-deprecated.html for details.
        ********************************************************************************

!!
  self.initialize_options()
running egg_info
creating rover_line_follower.egg-info
writing rover_line_follower.egg-info/PKG-INFO
writing dependency_links to rover_line_follower.egg-info/dependency_links.txt
writing requirements to rover_line_follower.egg-info/requires.txt
writing top-level names to rover_line_follower.egg-info/top_level.txt
writing manifest file 'rover_line_follower.egg-info/SOURCES.txt'
reading manifest file 'rover_line_follower.egg-info/SOURCES.txt'
writing manifest file 'rover_line_follower.egg-info/SOURCES.txt'
running build_ext
Creating /home/user/todo/ros_ws/src/workspace/rover_line_follower/install/rover_line_follower/lib/python3.10/site-packages/rover-line-follower.egg-link (link to .)

Installed /home/user/todo/ros_ws/src/workspace/rover_line_follower/build/rover_line_follower
running install_data
creating /home/user/todo/ros_ws/src/workspace/rover_line_follower/install/rover_line_follower/share/ament_index
creating /home/user/todo/ros_ws/src/workspace/rover_line_follower/install/rover_line_follower/share/ament_index/resource_index
creating /home/user/todo/ros_ws/src/workspace/rover_line_follower/install/rover_line_follower/share/ament_index/resource_index/packages
copying resource/rover_line_follower -> /home/user/todo/ros_ws/src/workspace/rover_line_follower/install/rover_line_follower/share/ament_index/resource_index/packages
copying package.xml -> /home/user/todo/ros_ws/src/workspace/rover_line_follower/install/rover_line_follower/share/rover_line_follower
