[0.229s] Invoking command in '/home/user/todo/ros_ws/src/workspace/rover_line_follower/build/rover_line_follower': PYTHONPATH=/home/user/todo/ros_ws/src/workspace/rover_line_follower/build/rover_line_follower/prefix_override:/home/user/todo/ros_ws/src/workspace/rover_line_follower/install/rover_line_follower/lib/python3.10/site-packages: /usr/bin/python3 setup.py develop --editable --build-directory /home/user/todo/ros_ws/src/workspace/rover_line_follower/build/rover_line_follower/build --no-deps install_data
[0.320s] running develop
[0.321s] /usr/local/lib/python3.10/dist-packages/setuptools/command/develop.py:40: EasyInstallDeprecationWarning: easy_install command is deprecated.
[0.321s] !!
[0.321s] 
[0.321s]         ********************************************************************************
[0.321s]         Please avoid running ``setup.py`` and ``easy_install``.
[0.321s]         Instead, use pypa/build, pypa/installer, pypa/build or
[0.321s]         other standards-based tools.
[0.321s] 
[0.321s]         See https://github.com/pypa/setuptools/issues/917 for details.
[0.321s]         ********************************************************************************
[0.321s] 
[0.321s] !!
[0.321s]   easy_install.initialize_options(self)
[0.326s] /usr/local/lib/python3.10/dist-packages/setuptools/_distutils/cmd.py:66: SetuptoolsDeprecationWarning: setup.py install is deprecated.
[0.326s] !!
[0.326s] 
[0.326s]         ********************************************************************************
[0.326s]         Please avoid running ``setup.py`` directly.
[0.326s]         Instead, use pypa/build, pypa/installer, pypa/build or
[0.326s]         other standards-based tools.
[0.326s] 
[0.326s]         See https://blog.ganssle.io/articles/2021/10/setup-py-deprecated.html for details.
[0.326s]         ********************************************************************************
[0.326s] 
[0.326s] !!
[0.326s]   self.initialize_options()
[0.354s] running egg_info
[0.354s] creating rover_line_follower.egg-info
[0.356s] writing rover_line_follower.egg-info/PKG-INFO
[0.356s] writing dependency_links to rover_line_follower.egg-info/dependency_links.txt
[0.356s] writing requirements to rover_line_follower.egg-info/requires.txt
[0.356s] writing top-level names to rover_line_follower.egg-info/top_level.txt
[0.356s] writing manifest file 'rover_line_follower.egg-info/SOURCES.txt'
[0.361s] reading manifest file 'rover_line_follower.egg-info/SOURCES.txt'
[0.361s] writing manifest file 'rover_line_follower.egg-info/SOURCES.txt'
[0.364s] running build_ext
[0.364s] Creating /home/user/todo/ros_ws/src/workspace/rover_line_follower/install/rover_line_follower/lib/python3.10/site-packages/rover-line-follower.egg-link (link to .)
[0.365s] 
[0.365s] Installed /home/user/todo/ros_ws/src/workspace/rover_line_follower/build/rover_line_follower
[0.365s] running install_data
[0.365s] creating /home/user/todo/ros_ws/src/workspace/rover_line_follower/install/rover_line_follower/share/ament_index
[0.365s] creating /home/user/todo/ros_ws/src/workspace/rover_line_follower/install/rover_line_follower/share/ament_index/resource_index
[0.365s] creating /home/user/todo/ros_ws/src/workspace/rover_line_follower/install/rover_line_follower/share/ament_index/resource_index/packages
[0.365s] copying resource/rover_line_follower -> /home/user/todo/ros_ws/src/workspace/rover_line_follower/install/rover_line_follower/share/ament_index/resource_index/packages
[0.365s] copying package.xml -> /home/user/todo/ros_ws/src/workspace/rover_line_follower/install/rover_line_follower/share/rover_line_follower
[0.377s] Invoked command in '/home/user/todo/ros_ws/src/workspace/rover_line_follower/build/rover_line_follower' returned '0': PYTHONPATH=/home/user/todo/ros_ws/src/workspace/rover_line_follower/build/rover_line_follower/prefix_override:/home/user/todo/ros_ws/src/workspace/rover_line_follower/install/rover_line_follower/lib/python3.10/site-packages: /usr/bin/python3 setup.py develop --editable --build-directory /home/user/todo/ros_ws/src/workspace/rover_line_follower/build/rover_line_follower/build --no-deps install_data
