[0.214s] Invoking command in '/home/user/todo/ros_ws/src/workspace/rover_line_follower/build/rover_line_follower': PYTHONPATH=/home/user/todo/ros_ws/src/workspace/rover_line_follower/build/rover_line_follower/prefix_override:/home/user/todo/ros_ws/src/workspace/rover_line_follower/install/rover_line_follower/lib/python3.10/site-packages: /usr/bin/python3 setup.py develop --editable --build-directory /home/user/todo/ros_ws/src/workspace/rover_line_follower/build/rover_line_follower/build --no-deps install_data
[0.307s] running develop
[0.307s] /usr/local/lib/python3.10/dist-packages/setuptools/command/develop.py:40: EasyInstallDeprecationWarning: easy_install command is deprecated.
[0.307s] !!
[0.307s] 
[0.307s]         ********************************************************************************
[0.307s]         Please avoid running ``setup.py`` and ``easy_install``.
[0.307s]         Instead, use pypa/build, pypa/installer, pypa/build or
[0.307s]         other standards-based tools.
[0.307s] 
[0.307s]         See https://github.com/pypa/setuptools/issues/917 for details.
[0.307s]         ********************************************************************************
[0.307s] 
[0.307s] !!
[0.307s]   easy_install.initialize_options(self)
[0.312s] /usr/local/lib/python3.10/dist-packages/setuptools/_distutils/cmd.py:66: SetuptoolsDeprecationWarning: setup.py install is deprecated.
[0.312s] !!
[0.312s] 
[0.312s]         ********************************************************************************
[0.312s]         Please avoid running ``setup.py`` directly.
[0.312s]         Instead, use pypa/build, pypa/installer, pypa/build or
[0.312s]         other standards-based tools.
[0.312s] 
[0.312s]         See https://blog.ganssle.io/articles/2021/10/setup-py-deprecated.html for details.
[0.312s]         ********************************************************************************
[0.312s] 
[0.312s] !!
[0.312s]   self.initialize_options()
[0.341s] running egg_info
[0.343s] writing rover_line_follower.egg-info/PKG-INFO
[0.343s] writing dependency_links to rover_line_follower.egg-info/dependency_links.txt
[0.344s] writing entry points to rover_line_follower.egg-info/entry_points.txt
[0.344s] writing requirements to rover_line_follower.egg-info/requires.txt
[0.344s] writing top-level names to rover_line_follower.egg-info/top_level.txt
[0.348s] reading manifest file 'rover_line_follower.egg-info/SOURCES.txt'
[0.348s] writing manifest file 'rover_line_follower.egg-info/SOURCES.txt'
[0.351s] running build_ext
[0.351s] Creating /home/user/todo/ros_ws/src/workspace/rover_line_follower/install/rover_line_follower/lib/python3.10/site-packages/rover-line-follower.egg-link (link to .)
[0.351s] Installing follower script to /home/user/todo/ros_ws/src/workspace/rover_line_follower/install/rover_line_follower/lib/rover_line_follower
[0.351s] 
[0.351s] Installed /home/user/todo/ros_ws/src/workspace/rover_line_follower/build/rover_line_follower
[0.352s] running install_data
[0.364s] Invoked command in '/home/user/todo/ros_ws/src/workspace/rover_line_follower/build/rover_line_follower' returned '0': PYTHONPATH=/home/user/todo/ros_ws/src/workspace/rover_line_follower/build/rover_line_follower/prefix_override:/home/user/todo/ros_ws/src/workspace/rover_line_follower/install/rover_line_follower/lib/python3.10/site-packages: /usr/bin/python3 setup.py develop --editable --build-directory /home/user/todo/ros_ws/src/workspace/rover_line_follower/build/rover_line_follower/build --no-deps install_data
