[0.211s] Invoking command in '/home/user/todo/ros_ws/src/workspace/rover_line_follower/build/rover_line_follower': PYTHONPATH=/home/user/todo/ros_ws/src/workspace/rover_line_follower/build/rover_line_follower/prefix_override:/home/user/todo/ros_ws/src/workspace/rover_line_follower/install/rover_line_follower/lib/python3.10/site-packages: /usr/bin/python3 setup.py develop --editable --build-directory /home/user/todo/ros_ws/src/workspace/rover_line_follower/build/rover_line_follower/build --no-deps install_data
[0.303s] running develop
[0.303s] /usr/local/lib/python3.10/dist-packages/setuptools/command/develop.py:40: EasyInstallDeprecationWarning: easy_install command is deprecated.
[0.303s] !!
[0.303s] 
[0.303s]         ********************************************************************************
[0.303s]         Please avoid running ``setup.py`` and ``easy_install``.
[0.303s]         Instead, use pypa/build, pypa/installer, pypa/build or
[0.303s]         other standards-based tools.
[0.303s] 
[0.303s]         See https://github.com/pypa/setuptools/issues/917 for details.
[0.303s]         ********************************************************************************
[0.303s] 
[0.303s] !!
[0.303s]   easy_install.initialize_options(self)
[0.308s] /usr/local/lib/python3.10/dist-packages/setuptools/_distutils/cmd.py:66: SetuptoolsDeprecationWarning: setup.py install is deprecated.
[0.308s] !!
[0.308s] 
[0.308s]         ********************************************************************************
[0.308s]         Please avoid running ``setup.py`` directly.
[0.308s]         Instead, use pypa/build, pypa/installer, pypa/build or
[0.308s]         other standards-based tools.
[0.308s] 
[0.308s]         See https://blog.ganssle.io/articles/2021/10/setup-py-deprecated.html for details.
[0.308s]         ********************************************************************************
[0.308s] 
[0.308s] !!
[0.308s]   self.initialize_options()
[0.337s] running egg_info
[0.339s] writing rover_line_follower.egg-info/PKG-INFO
[0.339s] writing dependency_links to rover_line_follower.egg-info/dependency_links.txt
[0.339s] writing entry points to rover_line_follower.egg-info/entry_points.txt
[0.339s] writing requirements to rover_line_follower.egg-info/requires.txt
[0.339s] writing top-level names to rover_line_follower.egg-info/top_level.txt
[0.343s] reading manifest file 'rover_line_follower.egg-info/SOURCES.txt'
[0.344s] writing manifest file 'rover_line_follower.egg-info/SOURCES.txt'
[0.346s] running build_ext
[0.346s] Creating /home/user/todo/ros_ws/src/workspace/rover_line_follower/install/rover_line_follower/lib/python3.10/site-packages/rover-line-follower.egg-link (link to .)
[0.347s] Installing follower script to /home/user/todo/ros_ws/src/workspace/rover_line_follower/install/rover_line_follower/lib/rover_line_follower
[0.347s] 
[0.347s] Installed /home/user/todo/ros_ws/src/workspace/rover_line_follower/build/rover_line_follower
[0.347s] running install_data
[0.359s] Invoked command in '/home/user/todo/ros_ws/src/workspace/rover_line_follower/build/rover_line_follower' returned '0': PYTHONPATH=/home/user/todo/ros_ws/src/workspace/rover_line_follower/build/rover_line_follower/prefix_override:/home/user/todo/ros_ws/src/workspace/rover_line_follower/install/rover_line_follower/lib/python3.10/site-packages: /usr/bin/python3 setup.py develop --editable --build-directory /home/user/todo/ros_ws/src/workspace/rover_line_follower/build/rover_line_follower/build --no-deps install_data
